This is pdfTeX, Version 3.1415926-2.5-1.40.14 (TeX Live 2013) (format=pdflatex 2013.12.16)  9 JAN 2014 16:21
entering extended mode
 restricted \write18 enabled.
 Source specials enabled.
 %&-line parsing enabled.
**document.tex
(./document.tex
LaTeX2e <2011/06/27>
Babel <3.9f> and hyphenation patterns for 78 languages loaded.
(/usr/local/texlive/2013/texmf-dist/tex/latex/koma-script/scrreprt.cls
Document Class: scrreprt 2012/07/29 v3.11b KOMA-Script document class (report)
(/usr/local/texlive/2013/texmf-dist/tex/latex/koma-script/scrkbase.sty
Package: scrkbase 2012/07/29 v3.11b KOMA-Script package (KOMA-Script-dependent 
basics and keyval usage)

(/usr/local/texlive/2013/texmf-dist/tex/latex/koma-script/scrbase.sty
Package: scrbase 2012/07/29 v3.11b KOMA-Script package (KOMA-Script-independent
 basics and keyval usage)

(/usr/local/texlive/2013/texmf-dist/tex/latex/graphics/keyval.sty
Package: keyval 1999/03/16 v1.13 key=value parser (DPC)
\KV@toks@=\toks14
)
(/usr/local/texlive/2013/texmf-dist/tex/latex/koma-script/scrlfile.sty
Package: scrlfile 2012/06/15 v3.12 KOMA-Script package (loading files)

Package scrlfile, 2012/06/15 v3.12 KOMA-Script package (loading files)
                  Copyright (C) Markus Kohm

))) (/usr/local/texlive/2013/texmf-dist/tex/latex/koma-script/tocbasic.sty
Package: tocbasic 2012/04/04 v3.10b KOMA-Script package (handling toc-files)
)
Package tocbasic Info: omitting babel extension for `toc'
(tocbasic)             because of feature `nobabel' available
(tocbasic)             for `toc' on input line 117.
Package tocbasic Info: omitting babel extension for `lof'
(tocbasic)             because of feature `nobabel' available
(tocbasic)             for `lof' on input line 118.
Package tocbasic Info: omitting babel extension for `lot'
(tocbasic)             because of feature `nobabel' available
(tocbasic)             for `lot' on input line 119.
Class scrreprt Info: File `scrsize11pt.clo' used instead of
(scrreprt)           file `scrsize11.clo' to setup font sizes on input line 136
7.

(/usr/local/texlive/2013/texmf-dist/tex/latex/koma-script/scrsize11pt.clo
File: scrsize11pt.clo 2012/07/29 v3.11b KOMA-Script font size class option (11p
t)
)
(/usr/local/texlive/2013/texmf-dist/tex/latex/koma-script/typearea.sty
Package: typearea 2012/07/29 v3.11b KOMA-Script package (type area)

Package typearea, 2012/07/29 v3.11b KOMA-Script package (type area)
                  Copyright (C) Frank Neukam, 1992-1994
                  Copyright (C) Markus Kohm, 1994-

\ta@bcor=\skip41
\ta@div=\count79
\ta@hblk=\skip42
\ta@vblk=\skip43
\ta@temp=\skip44
Package typearea Info: These are the values describing the layout:
(typearea)             DIV  = 10
(typearea)             BCOR = 0.0pt
(typearea)             \paperwidth      = 597.50793pt
(typearea)              \textwidth      = 418.25555pt
(typearea)              DIV departure   = -6%
(typearea)              \evensidemargin = 17.3562pt
(typearea)              \oddsidemargin  = 17.3562pt
(typearea)             \paperheight     = 845.04694pt
(typearea)              \textheight     = 595.80026pt
(typearea)              \topmargin      = -25.16531pt
(typearea)              \headheight     = 17.0pt
(typearea)              \headsep        = 20.40001pt
(typearea)              \topskip        = 11.0pt
(typearea)              \footskip       = 47.60002pt
(typearea)              \baselineskip   = 13.6pt
(typearea)              on input line 1213.
)
\c@part=\count80
\c@chapter=\count81
\c@section=\count82
\c@subsection=\count83
\c@subsubsection=\count84
\c@paragraph=\count85
\c@subparagraph=\count86
\abovecaptionskip=\skip45
\belowcaptionskip=\skip46
\c@pti@nb@sid@b@x=\box26
\c@figure=\count87
\c@table=\count88
\bibindent=\dimen102
) (/usr/local/texlive/2013/texmf-dist/tex/latex/listings/listings.sty
\lst@mode=\count89
\lst@gtempboxa=\box27
\lst@token=\toks15
\lst@length=\count90
\lst@currlwidth=\dimen103
\lst@column=\count91
\lst@pos=\count92
\lst@lostspace=\dimen104
\lst@width=\dimen105
\lst@newlines=\count93
\lst@lineno=\count94
\lst@maxwidth=\dimen106

(/usr/local/texlive/2013/texmf-dist/tex/latex/listings/lstmisc.sty
File: lstmisc.sty 2007/02/22 1.4 (Carsten Heinz)
\c@lstnumber=\count95
\lst@skipnumbers=\count96
\lst@framebox=\box28
)
(/usr/local/texlive/2013/texmf-dist/tex/latex/listings/listings.cfg
File: listings.cfg 2007/02/22 1.4 listings configuration
))
Package: listings 2007/02/22 1.4 (Carsten Heinz)

(/usr/local/texlive/2013/texmf-dist/tex/latex/graphics/graphicx.sty
Package: graphicx 1999/02/16 v1.0f Enhanced LaTeX Graphics (DPC,SPQR)

(/usr/local/texlive/2013/texmf-dist/tex/latex/graphics/graphics.sty
Package: graphics 2009/02/05 v1.0o Standard LaTeX Graphics (DPC,SPQR)

(/usr/local/texlive/2013/texmf-dist/tex/latex/graphics/trig.sty
Package: trig 1999/03/16 v1.09 sin cos tan (DPC)
)
(/usr/local/texlive/2013/texmf-dist/tex/latex/latexconfig/graphics.cfg
File: graphics.cfg 2010/04/23 v1.9 graphics configuration of TeX Live
)
Package graphics Info: Driver file: pdftex.def on input line 91.

(/usr/local/texlive/2013/texmf-dist/tex/latex/pdftex-def/pdftex.def
File: pdftex.def 2011/05/27 v0.06d Graphics/color for pdfTeX

(/usr/local/texlive/2013/texmf-dist/tex/generic/oberdiek/infwarerr.sty
Package: infwarerr 2010/04/08 v1.3 Providing info/warning/error messages (HO)
)
(/usr/local/texlive/2013/texmf-dist/tex/generic/oberdiek/ltxcmds.sty
Package: ltxcmds 2011/11/09 v1.22 LaTeX kernel commands for general use (HO)
)
\Gread@gobject=\count97
))
\Gin@req@height=\dimen107
\Gin@req@width=\dimen108
)
(/usr/local/texlive/2013/texmf-dist/tex/latex/float/float.sty
Package: float 2001/11/08 v1.3d Float enhancements (AL)
\c@float@type=\count98
\float@exts=\toks16
\float@box=\box29
\@float@everytoks=\toks17
\@floatcapt=\box30
) (./document.aux)
\openout1 = `document.aux'.

LaTeX Font Info:    Checking defaults for OML/cmm/m/it on input line 17.
LaTeX Font Info:    ... okay on input line 17.
LaTeX Font Info:    Checking defaults for T1/cmr/m/n on input line 17.
LaTeX Font Info:    ... okay on input line 17.
LaTeX Font Info:    Checking defaults for OT1/cmr/m/n on input line 17.
LaTeX Font Info:    ... okay on input line 17.
LaTeX Font Info:    Checking defaults for OMS/cmsy/m/n on input line 17.
LaTeX Font Info:    ... okay on input line 17.
LaTeX Font Info:    Checking defaults for OMX/cmex/m/n on input line 17.
LaTeX Font Info:    ... okay on input line 17.
LaTeX Font Info:    Checking defaults for U/cmr/m/n on input line 17.
LaTeX Font Info:    ... okay on input line 17.
\c@lstlisting=\count99
(/usr/local/texlive/2013/texmf-dist/tex/context/base/supp-pdf.mkii
[Loading MPS to PDF converter (version 2006.09.02).]
\scratchcounter=\count100
\scratchdimen=\dimen109
\scratchbox=\box31
\nofMPsegments=\count101
\nofMParguments=\count102
\everyMPshowfont=\toks18
\MPscratchCnt=\count103
\MPscratchDim=\dimen110
\MPnumerator=\count104
\makeMPintoPDFobject=\count105
\everyMPtoPDFconversion=\toks19
) (/usr/local/texlive/2013/texmf-dist/tex/generic/oberdiek/pdftexcmds.sty
Package: pdftexcmds 2011/11/29 v0.20 Utility functions of pdfTeX for LuaTeX (HO
)

(/usr/local/texlive/2013/texmf-dist/tex/generic/oberdiek/ifluatex.sty
Package: ifluatex 2010/03/01 v1.3 Provides the ifluatex switch (HO)
Package ifluatex Info: LuaTeX not detected.
)
(/usr/local/texlive/2013/texmf-dist/tex/generic/oberdiek/ifpdf.sty
Package: ifpdf 2011/01/30 v2.3 Provides the ifpdf switch (HO)
Package ifpdf Info: pdfTeX in PDF mode is detected.
)
Package pdftexcmds Info: LuaTeX not detected.
Package pdftexcmds Info: \pdf@primitive is available.
Package pdftexcmds Info: \pdf@ifprimitive is available.
Package pdftexcmds Info: \pdfdraftmode found.
)
(/usr/local/texlive/2013/texmf-dist/tex/latex/oberdiek/epstopdf-base.sty
Package: epstopdf-base 2010/02/09 v2.5 Base part for package epstopdf

(/usr/local/texlive/2013/texmf-dist/tex/latex/oberdiek/grfext.sty
Package: grfext 2010/08/19 v1.1 Manage graphics extensions (HO)

(/usr/local/texlive/2013/texmf-dist/tex/generic/oberdiek/kvdefinekeys.sty
Package: kvdefinekeys 2011/04/07 v1.3 Define keys (HO)
))
(/usr/local/texlive/2013/texmf-dist/tex/latex/oberdiek/kvoptions.sty
Package: kvoptions 2011/06/30 v3.11 Key value format for package options (HO)

(/usr/local/texlive/2013/texmf-dist/tex/generic/oberdiek/kvsetkeys.sty
Package: kvsetkeys 2012/04/25 v1.16 Key value parser (HO)

(/usr/local/texlive/2013/texmf-dist/tex/generic/oberdiek/etexcmds.sty
Package: etexcmds 2011/02/16 v1.5 Avoid name clashes with e-TeX commands (HO)
Package etexcmds Info: Could not find \expanded.
(etexcmds)             That can mean that you are not using pdfTeX 1.50 or
(etexcmds)             that some package has redefined \expanded.
(etexcmds)             In the latter case, load this package earlier.
)))
Package grfext Info: Graphics extension search list:
(grfext)             [.png,.pdf,.jpg,.mps,.jpeg,.jbig2,.jb2,.PNG,.PDF,.JPG,.JPE
G,.JBIG2,.JB2,.eps]
(grfext)             \AppendGraphicsExtensions on input line 452.

(/usr/local/texlive/2013/texmf-dist/tex/latex/latexconfig/epstopdf-sys.cfg
File: epstopdf-sys.cfg 2010/07/13 v1.3 Configuration of (r)epstopdf for TeX Liv
e
))
(./document.toc
LaTeX Font Info:    External font `cmex10' loaded for size
(Font)              <10.95> on input line 2.
LaTeX Font Info:    External font `cmex10' loaded for size
(Font)              <8> on input line 2.
LaTeX Font Info:    External font `cmex10' loaded for size
(Font)              <6> on input line 2.
 [1


{/usr/local/texlive/2013/texmf-var/fonts/map/pdftex/updmap/pdftex.map}])
\tf@toc=\write3
\openout3 = `document.toc'.

 [2]
Chapter 1.

Class scrreprt Warning: \float@addtolists detected!
(scrreprt)              You should use the features of package `tocbasic'
(scrreprt)              instead of \float@addtolists.
(scrreprt)              Support for \float@addtolists may be removed from
(scrreprt)              `scrreprt' soon .

LaTeX Font Info:    Try loading font information for OMS+cmr on input line 33.
(/usr/local/texlive/2013/texmf-dist/tex/latex/base/omscmr.fd
File: omscmr.fd 1999/05/25 v2.5h Standard LaTeX font definitions
)
LaTeX Font Info:    Font shape `OMS/cmr/m/n' in size <10.95> not available
(Font)              Font shape `OMS/cmsy/m/n' tried instead on input line 33.
 [3

] [4]
Chapter 2.
<images/scenegraph.png, id=19, 700.6175pt x 517.935pt>
File: images/scenegraph.png Graphic file (type png)

<use images/scenegraph.png>
Package pdftex.def Info: images/scenegraph.png used on input line 94.
(pdftex.def)             Requested size: 400.0pt x 295.70808pt.
 [5

]
LaTeX Font Info:    External font `cmex10' loaded for size
(Font)              <9> on input line 115.
LaTeX Font Info:    External font `cmex10' loaded for size
(Font)              <5> on input line 115.
 [6 <./images/scenegraph.png>]
Overfull \hbox (48.2193pt too wide) in paragraph at lines 151--152
[][][][][][][][][][][][][][][][][][][][][][][][][][][][] 
 []

[7] [8]
Chapter 3.
<images/spritebuilder_publishing.png, id=39, 1806.38866pt x 787.743pt>
File: images/spritebuilder_publishing.png Graphic file (type png)

<use images/spritebuilder_publishing.png>
Package pdftex.def Info: images/spritebuilder_publishing.png used on input line
 192.
(pdftex.def)             Requested size: 400.0pt x 174.43387pt.
 [9

]
<images/spritebuilder_project_folderstructure.png, id=43, 265.99374pt x 152.57p
t>
File: images/spritebuilder_project_folderstructure.png Graphic file (type png)
 <use images/spritebuilder_project_folderstructure.png>
Package pdftex.def Info: images/spritebuilder_project_folderstructure.png used 
on input line 217.
(pdftex.def)             Requested size: 100.0pt x 57.35794pt.
 [10 <./images/spritebuilder_publishing.png>] [11 <./images/spritebuilder_proje
ct_folderstructure.png>]
Chapter 4.
[12

]
Chapter 5.
[13

]
Overfull \hbox (146.77032pt too wide) in paragraph at lines 314--315
[][][][][][][][][][][][][][][][][][][][][] 
 []

[14] [15]
Chapter 6.
[16

]
Chapter 7.
[17

]
Overfull \hbox (74.49957pt too wide) in paragraph at lines 404--405
[][][][][][][][][][][][][][][][][][][][][][][][][][][][][][][] 
 []


Overfull \hbox (74.49957pt too wide) in paragraph at lines 424--425
[][][][][][][][][][][][][][][][][][][][][][][][][][][][][][][] 
 []


Overfull \hbox (81.06964pt too wide) in paragraph at lines 428--429
[][][][][][][][][][][][][][][] 
 []

[18] [19]
Chapter 8.
[20

]
Chapter 9.
<images/particle_stars.png, id=80, 98.3675pt x 103.38625pt>
File: images/particle_stars.png Graphic file (type png)

<use images/particle_stars.png>
Package pdftex.def Info: images/particle_stars.png used on input line 468.
(pdftex.def)             Requested size: 80.0pt x 84.08156pt.
 [21

 <./images/particle_stars.png>]
Overfull \hbox (140.20026pt too wide) in paragraph at lines 493--494
[][][][][][][][][][][][][][][][][][] 
 []


Overfull \hbox (192.7608pt too wide) in paragraph at lines 494--495
[][][][][][][][][][][][][][][][][][][][][][][][][][] 
 []

[22]
<images/particles/Spritebuilder_ParticleEffect_Menu1.png, id=87, 552.0625pt x 1
53.57375pt>
File: images/particles/Spritebuilder_ParticleEffect_Menu1.png Graphic file (typ
e png)
 <use images/particles/Spritebuilder_ParticleEffect_Menu1.png>
Package pdftex.def Info: images/particles/Spritebuilder_ParticleEffect_Menu1.pn
g used on input line 525.
(pdftex.def)             Requested size: 275.0pt x 76.50313pt.

<images/particles/Spritebuilder_ParticleEffect_Menu2.png, id=88, 549.05125pt x 
271.0125pt>
File: images/particles/Spritebuilder_ParticleEffect_Menu2.png Graphic file (typ
e png)
 <use images/particles/Spritebuilder_ParticleEffect_Menu2.png>
Package pdftex.def Info: images/particles/Spritebuilder_ParticleEffect_Menu2.pn
g used on input line 530.
(pdftex.def)             Requested size: 275.0pt x 135.74162pt.

<images/particles/Spritebuilder_ParticleEffect_CCB.png, id=89, 1061.9675pt x 60
9.27625pt>
File: images/particles/Spritebuilder_ParticleEffect_CCB.png Graphic file (type 
png)
 <use images/particles/Spritebuilder_ParticleEffect_CCB.png>
Package pdftex.def Info: images/particles/Spritebuilder_ParticleEffect_CCB.png 
used on input line 537.
(pdftex.def)             Requested size: 375.0pt x 215.14642pt.
 [23 <./images/particles/Spritebuilder_ParticleEffect_Menu1.png> <./images/part
icles/Spritebuilder_ParticleEffect_Menu2.png>]
<images/particles/Spritebuilder_ParticleEffect_Templates.png, id=93, 1004.75375
pt x 543.02875pt>
File: images/particles/Spritebuilder_ParticleEffect_Templates.png Graphic file 
(type png)

<use images/particles/Spritebuilder_ParticleEffect_Templates.png>
Package pdftex.def Info: images/particles/Spritebuilder_ParticleEffect_Template
s.png used on input line 548.
(pdftex.def)             Requested size: 375.0pt x 202.66582pt.
 [24 <./images/particles/Spritebuilder_ParticleEffect_CCB.png>]
<images/particles/Spritebuilder_ParticleEffect_AddInterfaceFile.png, id=97, 249
.93375pt x 487.8225pt>
File: images/particles/Spritebuilder_ParticleEffect_AddInterfaceFile.png Graphi
c file (type png)

<use images/particles/Spritebuilder_ParticleEffect_AddInterfaceFile.png>
Package pdftex.def Info: images/particles/Spritebuilder_ParticleEffect_AddInter
faceFile.png used on input line 560.
(pdftex.def)             Requested size: 70.0pt x 136.62659pt.

<images/particles/Spritebuilder_ParticleEffect_InterfaceFile.png, id=98, 1081.0
3876pt x 592.2125pt>
File: images/particles/Spritebuilder_ParticleEffect_InterfaceFile.png Graphic f
ile (type png)

<use images/particles/Spritebuilder_ParticleEffect_InterfaceFile.png>
Package pdftex.def Info: images/particles/Spritebuilder_ParticleEffect_Interfac
eFile.png used on input line 568.
(pdftex.def)             Requested size: 375.0pt x 205.425pt.
 [25 <./images/particles/Spritebuilder_ParticleEffect_Templates.png> <./images/
particles/Spritebuilder_ParticleEffect_AddInterfaceFile.png>] [26 <./images/par
ticles/Spritebuilder_ParticleEffect_InterfaceFile.png>]
Chapter 10.
[27

]
Chapter 11.
[28

]
Chapter 12.
[29

]
Chapter 13.
[30

] [31] (./document.aux) ) 
Here is how much of TeX's memory you used:
 3977 strings out of 493315
 62520 string characters out of 6137903
 161511 words of memory out of 5000000
 7387 multiletter control sequences out of 15000+600000
 9426 words of font info for 33 fonts, out of 8000000 for 9000
 957 hyphenation exceptions out of 8191
 46i,8n,37p,259b,1428s stack positions out of 5000i,500n,10000p,200000b,80000s
</usr/local/texlive/2013/texmf-dist/fonts/type1/public
/amsfonts/cm/cmbx10.pfb></usr/local/texlive/2013/texmf-dist/fonts/type1/public/
amsfonts/cm/cmr10.pfb></usr/local/texlive/2013/texmf-dist/fonts/type1/public/am
sfonts/cm/cmr6.pfb></usr/local/texlive/2013/texmf-dist/fonts/type1/public/amsfo
nts/cm/cmr8.pfb></usr/local/texlive/2013/texmf-dist/fonts/type1/public/amsfonts
/cm/cmr9.pfb></usr/local/texlive/2013/texmf-dist/fonts/type1/public/amsfonts/cm
/cmssbx10.pfb></usr/local/texlive/2013/texmf-dist/fonts/type1/public/amsfonts/c
m/cmsy10.pfb></usr/local/texlive/2013/texmf-dist/fonts/type1/public/amsfonts/cm
/cmti10.pfb>
Output written on document.pdf (31 pages, 2725950 bytes).
PDF statistics:
 152 PDF objects out of 1000 (max. 8388607)
 95 compressed objects within 1 object stream
 0 named destinations out of 1000 (max. 500000)
 51 words of extra memory for PDF output out of 10000 (max. 10000000)

