func performCaughtStep(fallingObject:FallingObject) {
  // if the object was caught, remove it as soon as soon as it is entirely contained in the pot
  if (CGRectContainsRect(catchContainer.boundingBox(), fallingObject.boundingBox())) {
    gameModeDelegate?.gameplay(self, caughtFallingObject: fallingObject)
    fallingObject.removeFromParent()
    let fallingObjectIndex = find(fallingObjects, fallingObject)!
    fallingObjects.removeAtIndex(fallingObjectIndex)

    if (fallingObject.type == .Good) {
      let particleEffect = CCBReader.load("CaughtParticleEffect") as! CCParticleSystem
      particleEffect.autoRemoveOnFinish = true
      particleEffect.positionType = CCPositionType(
        xUnit: .Normalized,
        yUnit: .Points,
        corner: .TopLeft
      )
      particleEffect.position = ccp(0.5, 20)
      potTop.addChild(particleEffect)
    }

  }
}
